<?xml version="1.0" encoding="UTF-8"?>
<testng-results skipped="0" failed="0" ignored="0" total="2" passed="2">
  <reporter-output>
  </reporter-output>
  <suite name="Default suite" duration-ms="117" started-at="2020-05-07T20:09:32Z" finished-at="2020-05-07T20:09:32Z">
    <groups>
    </groups>
    <test name="Default test" duration-ms="117" started-at="2020-05-07T20:09:32Z" finished-at="2020-05-07T20:09:32Z">
      <class name="qaclickacademy.AppiumTest">
        <test-method status="PASS" signature="IOSApps()[pri:0, instance:qaclickacademy.AppiumTest@6eebc39e]" name="IOSApps" duration-ms="21" started-at="2020-05-07T20:09:32Z" finished-at="2020-05-07T20:09:32Z">
          <reporter-output>
          </reporter-output>
        </test-method> <!-- IOSApps -->
        <test-method status="PASS" signature="NativeAPpAndroid()[pri:0, instance:qaclickacademy.AppiumTest@6eebc39e]" name="NativeAPpAndroid" duration-ms="17" started-at="2020-05-07T20:09:32Z" finished-at="2020-05-07T20:09:32Z">
          <reporter-output>
          </reporter-output>
        </test-method> <!-- NativeAPpAndroid -->
      </class> <!-- qaclickacademy.AppiumTest -->
    </test> <!-- Default test -->
  </suite> <!-- Default suite -->
</testng-results>
